<?xml version="1.0" encoding="UTF-8"?>
<testsuites name="Cloud_CCP" time="162" tests="2" failures="0" errors="0">
   <testsuite name="Cloud_CCP" tests="2" failures="0" errors="0" time="162" timestamp="2019-02-25 17:15:00" hostname="B7850678 - VDK-W732CDSK047.systems.private" id="Test Suites/Cloud_CCP">
      <properties>
         <property name="deviceName" value=""/>
         <property name="devicePlatform" value=""/>
         <property name="logFolder" value="C:\\Users\\B7850678\\Katalon Studio\\VM_Cloud_Automation\\Reports\\Cloud_CCP\\20190225_171436"/>
         <property name="logFiles" value="C:\\Users\\B7850678\\Katalon Studio\\VM_Cloud_Automation\\Reports\\Cloud_CCP\\20190225_171436\\execution0.log"/>
         <property name="attachments" value=""/>
         <property name="hostName" value="B7850678 - VDK-W732CDSK047.systems.private"/>
         <property name="os" value="Windows 7 32bit"/>
         <property name="katalonVersion" value="5.10.1.1"/>
         <property name="browser" value="Chrome 72.0.3626.109"/>
         <property name="hostAddress" value="10.92.27.50"/>
         <property name="sessionId" value="d47e2fcc8f9de1fe7a5e223fdba557e3"/>
         <property name="seleniumVersion" value="3.7.1"/>
         <property name="proxyInformation" value="ProxyInformation{proxyOption=USE_SYSTEM, proxyServerType=HTTP, password=, proxyServerAddress=, proxyServerPort=0}"/>
         <property name="platform" value="Windows 7"/>
      </properties>
      <testcase name="Test Cases/CloudTestCases/CCP_Validations_DropBox Stand_1_3_4_5_7_8_9_10_11_12_14_16_17_18_19" classname="Test Cases/CloudTestCases/CCP_Validations_DropBox Stand_1_3_4_5_7_8_9_10_11_12_14_16_17_18_19" status="PASSED">
         <system-out><![CDATA[2019-02-25 17:15:01 - [TEST_CASE][PASSED] - Test Cases/CloudTestCases/CCP_Validations_DropBox Stand_1_3_4_5_7_8_9_10_11_12_14_16_17_18_19: Test Cases/CloudTestCases/CCP_Validations_DropBox Stand_1_3_4_5_7_8_9_10_11_12_14_16_17_18_19

2019-02-25 17:15:01 - [TEST_STEP][PASSED] - Start listener action : sampleBeforeTestCase: null

2019-02-25 17:15:01 - [TEST_STEP][PASSED] - println(testCaseContext.getTestCaseId()): null

2019-02-25 17:15:01 - [TEST_STEP][PASSED] - println(testCaseContext.getTestCaseVariables()): null

2019-02-25 17:15:01 - [TEST_STEP][PASSED] - currentTestCaseId = testCaseContext.getTestCaseId(): null

2019-02-25 17:15:02 - [TEST_STEP][PASSED] - cCP_Functionality.CCP_Login.CCPLogin(): cCP_Functionality.CCP_Login.CCPLogin is PASSED

2019-02-25 17:15:09 - [MESSAGE][PASSED] - Browser is opened with url: ''

2019-02-25 17:15:14 - [MESSAGE][PASSED] - Delayed 5 second(s)

2019-02-25 17:15:15 - [MESSAGE][PASSED] - Navigate to 'https://cp.uk.poalab.upcbroadband.com/servlet/Turbine/frm/single/?reason=expired' successfully

2019-02-25 17:15:15 - [MESSAGE][PASSED] - Current window maximized

2019-02-25 17:15:15 - [MESSAGE][PASSED] - Object 'Object Repository/Rcp-login/Username' is clickable

2019-02-25 17:15:15 - [MESSAGE][PASSED] - Keys 'UAT_1000007029' sent to object: 'Object Repository/Rcp-login/Username'

2019-02-25 17:15:17 - [MESSAGE][PASSED] - Delayed 2 second(s)

2019-02-25 17:15:18 - [MESSAGE][PASSED] - Keys 'Automation@01' sent to object: 'Object Repository/Rcp-login/Password'

2019-02-25 17:15:19 - [MESSAGE][PASSED] - Delayed 1 second(s)

2019-02-25 17:15:21 - [MESSAGE][PASSED] - Object: 'Object Repository/Rcp-login/Loginbutton' is clicked on

2019-02-25 17:15:21 - [MESSAGE][PASSED] - cCP_Functionality.CCP_Login.CCPLogin is PASSED

2019-02-25 17:15:21 - [TEST_STEP][PASSED] - cCP_Functionality.Validations.HomePage_Validations(): cCP_Functionality.Validations.HomePage_Validations is PASSED

2019-02-25 17:15:22 - [MESSAGE][PASSED] - Object 'Object Repository/CCP_Portal/HomePage_Validations/HomePage_frame' is present

2019-02-25 17:15:22 - [MESSAGE][PASSED] - Current window's title is: 'Business Application portal'

2019-02-25 17:15:22 - [MESSAGE][PASSED] - Object 'Object Repository/CCP_Portal/HomePage_Validations/HomePage_GetstartedButton' is present

2019-02-25 17:15:23 - [MESSAGE][PASSED] - Text of object 'Object Repository/CCP_Portal/HomePage_Validations/HomePage_GetstartedButton' is: 'Get started'

2019-02-25 17:15:23 - [MESSAGE][PASSED] - Object 'Object Repository/CCP_Portal/HomePage_Validations/HomePage_GetstartedButton' is present

2019-02-25 17:15:23 - [MESSAGE][PASSED] - cCP_Functionality.Validations.HomePage_Validations is PASSED

2019-02-25 17:15:23 - [TEST_STEP][PASSED] - cCP_Functionality.Adding_UserLicense.Adding_DropBoxUserLicense(): cCP_Functionality.Adding_UserLicense.Adding_DropBoxUserLicense is PASSED

2019-02-25 17:15:23 - [MESSAGE][PASSED] - Object 'Object Repository/CCP_Portal/HomePage_Validations/DropBoxProduct' is clickable

2019-02-25 17:15:23 - [MESSAGE][PASSED] - Object: 'Object Repository/CCP_Portal/HomePage_Validations/DropBoxProduct' is clicked on

2019-02-25 17:15:27 - [MESSAGE][PASSED] - Delayed 4 second(s)

2019-02-25 17:15:27 - [MESSAGE][PASSED] - Current window's title is: 'Business Application portal'

2019-02-25 17:15:27 - [MESSAGE][PASSED] - Object 'Object Repository/CCP_Portal/DropBox_Validations/SpaceQuota' is present

2019-02-25 17:15:27 - [MESSAGE][PASSED] - Text of object 'Object Repository/CCP_Portal/DropBox_Validations/SpaceQuota' is: '0 of 15 Terabytes used'

2019-02-25 17:15:27 - [MESSAGE][PASSED] - Object 'Object Repository/CCP_Portal/DropBox_Validations/License_Assigned_or_unassigned' is present

2019-02-25 17:15:27 - [MESSAGE][PASSED] - Text of object 'Object Repository/CCP_Portal/DropBox_Validations/License_Assigned_or_unassigned' is: '8 of 15 Licenses(s) Assigned'

2019-02-25 17:15:27 - [MESSAGE][PASSED] - Object 'Object Repository/CCP_Portal/DropBox_Validations/Account_btn' is present

2019-02-25 17:15:27 - [MESSAGE][PASSED] - Object: 'Object Repository/CCP_Portal/DropBox_Validations/Account_btn' is clicked on

2019-02-25 17:15:30 - [MESSAGE][PASSED] - Delayed 3 second(s)

2019-02-25 17:15:30 - [MESSAGE][PASSED] - Object 'Object Repository/CCP_Portal/MicrosoftO365_Validations/Users_btn' is clickable

2019-02-25 17:15:30 - [MESSAGE][PASSED] - Object: 'Object Repository/CCP_Portal/MicrosoftO365_Validations/Users_btn' is clicked on

2019-02-25 17:15:33 - [MESSAGE][PASSED] - Delayed 3 second(s)

2019-02-25 17:15:33 - [MESSAGE][PASSED] - Object 'Object Repository/CCP_Portal/MicrosoftO365_Validations/Userpage_FilterIcon' is clickable

2019-02-25 17:15:34 - [MESSAGE][PASSED] - Object: 'Object Repository/CCP_Portal/MicrosoftO365_Validations/Userpage_FilterIcon' is clicked on

2019-02-25 17:15:37 - [MESSAGE][PASSED] - Delayed 3 second(s)

2019-02-25 17:15:37 - [MESSAGE][PASSED] - Object 'Object Repository/CCP_Portal/DropBox_Validations/add_new__users' is present

2019-02-25 17:15:37 - [MESSAGE][PASSED] - Object: 'Object Repository/CCP_Portal/DropBox_Validations/add_new__users' is clicked on

2019-02-25 17:15:41 - [MESSAGE][PASSED] - Delayed 4 second(s)

2019-02-25 17:15:41 - [MESSAGE][PASSED] - Current window's title is: 'Business Application portal'

2019-02-25 17:15:45 - [MESSAGE][PASSED] - Delayed 4 second(s)

2019-02-25 17:15:48 - [MESSAGE][PASSED] - Delayed 3 second(s)

2019-02-25 17:15:48 - [MESSAGE][WARNING] - Timeout '0' is invalid. Using default page load timeout: '30'

2019-02-25 17:15:48 - [MESSAGE][PASSED] - Object 'Object Repository/CCP_Portal/MicrosoftO365_Validations/FirstName' is clickable

2019-02-25 17:15:48 - [MESSAGE][PASSED] - Keys 'James7323' sent to object: 'Object Repository/CCP_Portal/MicrosoftO365_Validations/FirstName'

2019-02-25 17:15:49 - [MESSAGE][PASSED] - Keys 'Camaron7323' sent to object: 'Object Repository/CCP_Portal/MicrosoftO365_Validations/LastName'

2019-02-25 17:15:49 - [MESSAGE][PASSED] - Keys 'madhusekhar1007323@gmail.com' sent to object: 'Object Repository/CCP_Portal/MicrosoftO365_Validations/Email'

2019-02-25 17:15:49 - [MESSAGE][PASSED] - Object 'Object Repository/CCP_Portal/MicrosoftO365_Validations/Next' is clickable

2019-02-25 17:15:49 - [MESSAGE][PASSED] - Scroll to object 'Object Repository/CCP_Portal/MicrosoftO365_Validations/Next' successfully

2019-02-25 17:15:49 - [MESSAGE][PASSED] - Object: 'Object Repository/CCP_Portal/MicrosoftO365_Validations/Next' is clicked on

2019-02-25 17:15:52 - [MESSAGE][PASSED] - Delayed 3 second(s)

2019-02-25 17:15:52 - [MESSAGE][PASSED] - Object: 'Object Repository/CCP_Portal/MicrosoftO365_Validations/Next' is clicked on

2019-02-25 17:15:57 - [MESSAGE][PASSED] - Delayed 5 second(s)

2019-02-25 17:16:27 - [MESSAGE][PASSED] - Delayed 30 second(s)

2019-02-25 17:16:57 - [MESSAGE][PASSED] - Delayed 30 second(s)

2019-02-25 17:17:00 - [MESSAGE][PASSED] - Delayed 3 second(s)

2019-02-25 17:17:00 - [MESSAGE][PASSED] - cCP_Functionality.Adding_UserLicense.Adding_DropBoxUserLicense is PASSED

2019-02-25 17:17:00 - [TEST_STEP][PASSED] - cCP_Functionality.Microsoft_Users_Validations.Microsoft_Users_validation("Not Activated"): cCP_Functionality.Microsoft_Users_Validations.Microsoft_Users_validation is PASSED

2019-02-25 17:17:01 - [MESSAGE][PASSED] - Object 'Object Repository/CCP_Portal/MicrosoftO365_Validations/Frame_AddUsers' is present

2019-02-25 17:17:01 - [MESSAGE][PASSED] - Object 'Object Repository/CCP_Portal/MicrosoftO365_Validations/Userpage_FilterIcon' is clickable

2019-02-25 17:17:01 - [MESSAGE][PASSED] - Object: 'Object Repository/CCP_Portal/MicrosoftO365_Validations/Userpage_FilterIcon' is clicked on

2019-02-25 17:17:06 - [MESSAGE][PASSED] - Delayed 5 second(s)

2019-02-25 17:17:10 - [MESSAGE][PASSED] - cCP_Functionality.Microsoft_Users_Validations.Microsoft_Users_validation is PASSED

2019-02-25 17:17:10 - [TEST_STEP][PASSED] - cCP_Functionality.Microsoft_Users_Validations.Login_ASUser(): cCP_Functionality.Microsoft_Users_Validations.Login_ASUser is PASSED

2019-02-25 17:17:10 - [MESSAGE][PASSED] - Text of object 'Object Repository/Validation/CCP/GetUserName' is: 'jame001 camron001'

2019-02-25 17:17:10 - [MESSAGE][PASSED] - Object 'Object Repository/CCP_Portal/MicrosoftO365_Validations/UserPage_Action_1' is present

2019-02-25 17:17:10 - [MESSAGE][PASSED] - Object: 'Object Repository/CCP_Portal/MicrosoftO365_Validations/UserPage_Action_1' is clicked on

2019-02-25 17:17:13 - [MESSAGE][PASSED] - Delayed 3 second(s)

2019-02-25 17:17:13 - [MESSAGE][PASSED] - Object 'Object Repository/CCP_Portal/MicrosoftO365_Validations/Log_As_User' is clickable

2019-02-25 17:17:14 - [MESSAGE][PASSED] - Object: 'Object Repository/CCP_Portal/MicrosoftO365_Validations/Log_As_User' is clicked on

2019-02-25 17:17:16 - [MESSAGE][PASSED] - Delayed 2 second(s)

2019-02-25 17:17:16 - [MESSAGE][PASSED] - Switched to window with index: '1'

2019-02-25 17:17:23 - [MESSAGE][PASSED] - Delayed 7 second(s)

2019-02-25 17:17:23 - [MESSAGE][PASSED] - Object 'Object Repository/Validation/CCP/Users_page_Product' is present

2019-02-25 17:17:23 - [MESSAGE][PASSED] - Object: 'Object Repository/Validation/CCP/Users_page_Product' is clicked on

2019-02-25 17:17:23 - [MESSAGE][PASSED] - Text of object 'Object Repository/Validation/CCP/Users_page_Product' is: 'Dropbox'

2019-02-25 17:17:24 - [MESSAGE][PASSED] - Object 'Object Repository/Validation/CCP/Click_Username(newWindow)' is clickable

2019-02-25 17:17:24 - [MESSAGE][PASSED] - Text of object 'Object Repository/Validation/CCP/Click_Username(newWindow)' is: 'jame001 camron001'

2019-02-25 17:17:24 - [MESSAGE][PASSED] - Object: 'Object Repository/Validation/CCP/Click_Username(newWindow)' is clicked on

2019-02-25 17:17:24 - [MESSAGE][PASSED] - Object 'Object Repository/Validation/CCP/click_Myprofile' is clickable

2019-02-25 17:17:24 - [MESSAGE][PASSED] - Object: 'Object Repository/Validation/CCP/click_Myprofile' is clicked on

2019-02-25 17:17:31 - [MESSAGE][PASSED] - Delayed 7 second(s)

2019-02-25 17:17:31 - [MESSAGE][PASSED] - Object 'Object Repository/Validation/CCP/Fullname' is clickable

2019-02-25 17:17:32 - [MESSAGE][PASSED] - Text of object 'Object Repository/Validation/CCP/Fullname' is: 'jame001 camron001'

2019-02-25 17:17:32 - [MESSAGE][PASSED] - Object: 'Object Repository/Validation/CCP/Click_Username(newWindow)' is clicked on

2019-02-25 17:17:33 - [MESSAGE][PASSED] - Object: 'Object Repository/Validation/CCP/Click_SignOut' is clicked on

2019-02-25 17:17:33 - [MESSAGE][PASSED] - Switched to window with index: '0'

2019-02-25 17:17:33 - [MESSAGE][PASSED] - cCP_Functionality.Microsoft_Users_Validations.Login_ASUser is PASSED

2019-02-25 17:17:33 - [TEST_STEP][PASSED] - cCP_Functionality.Microsoft_Users_Validations.deactivate_User("Ready"): cCP_Functionality.Microsoft_Users_Validations.deactivate_User is PASSED

2019-02-25 17:17:33 - [MESSAGE][PASSED] - Object 'Object Repository/CCP_Portal/MicrosoftO365_Validations/Frame_AddUsers' is present

2019-02-25 17:17:33 - [MESSAGE][PASSED] - Object 'Object Repository/CCP_Portal/MicrosoftO365_Validations/Userpage_FilterIcon' is clickable

2019-02-25 17:17:33 - [MESSAGE][PASSED] - Object: 'Object Repository/CCP_Portal/MicrosoftO365_Validations/Userpage_FilterIcon' is clicked on

2019-02-25 17:17:38 - [MESSAGE][PASSED] - Delayed 5 second(s)

2019-02-25 17:17:42 - [MESSAGE][PASSED] - cCP_Functionality.Microsoft_Users_Validations.deactivate_User is PASSED

2019-02-25 17:17:42 - [TEST_STEP][PASSED] - Start listener action : sampleAfterTestCase: null

2019-02-25 17:17:42 - [TEST_STEP][PASSED] - println(testCaseContext.getTestCaseId()): null

2019-02-25 17:17:42 - [TEST_STEP][PASSED] - println(testCaseContext.getTestCaseStatus()): null]]></system-out>
         <system-err><![CDATA[]]></system-err>
      </testcase>
      <testcase name="Test Cases/CloudTestCases/CCP_Validations_DropBox Advance_2_6_13_15_" classname="Test Cases/CloudTestCases/CCP_Validations_DropBox Advance_2_6_13_15_" status="PASSED">
         <system-out><![CDATA[2019-02-25 17:17:42 - [TEST_CASE][PASSED] - Test Cases/CloudTestCases/CCP_Validations_DropBox Advance_2_6_13_15_: Test Cases/CloudTestCases/CCP_Validations_DropBox Advance_2_6_13_15_

2019-02-25 17:17:43 - [TEST_STEP][PASSED] - Start listener action : sampleBeforeTestCase: null

2019-02-25 17:17:43 - [TEST_STEP][PASSED] - println(testCaseContext.getTestCaseId()): null

2019-02-25 17:17:43 - [TEST_STEP][PASSED] - println(testCaseContext.getTestCaseVariables()): null

2019-02-25 17:17:43 - [TEST_STEP][PASSED] - currentTestCaseId = testCaseContext.getTestCaseId(): null

2019-02-25 17:17:43 - [TEST_STEP][PASSED] - return null: null

2019-02-25 17:17:43 - [TEST_STEP][PASSED] - Start listener action : sampleAfterTestCase: null

2019-02-25 17:17:43 - [TEST_STEP][PASSED] - println(testCaseContext.getTestCaseId()): null

2019-02-25 17:17:43 - [TEST_STEP][PASSED] - println(testCaseContext.getTestCaseStatus()): null]]></system-out>
         <system-err><![CDATA[]]></system-err>
      </testcase>
      <system-out><![CDATA[2019-02-25 17:15:00 - [TEST_SUITE][PASSED] - Cloud_CCP: Test Cases/CloudTestCases/CCP_Validations_DropBox Advance_2_6_13_15_]]></system-out>
      <system-err><![CDATA[]]></system-err>
   </testsuite>
</testsuites>
